2025-01-19 14:28:09,326 - Training started with the following parameters:
2025-01-19 14:28:09,327 - Batch size: 5
2025-01-19 14:28:09,327 - Epochs: 1000
2025-01-19 14:28:09,327 - Learning rate: 0.01
2025-01-19 14:28:09,327 - Voxel size: 0.02
2025-01-19 14:28:09,327 - Early stopping patience: 25
2025-01-19 14:28:09,327 - Warmup steps: 20
2025-01-19 14:28:09,327 - Minimum learning rate: 0.0001
2025-01-19 14:28:09,327 - Cosine initial t: 50
2025-01-19 14:28:09,327 - Progress bar disabled: False
2025-01-19 14:28:09,327 - U-Net depth:  3
2025-01-19 14:28:09,327 - Use features:  False
2025-01-19 14:28:09,327 - use coords:  True
2025-01-19 14:28:09,327 - Noise Threshold: 0.05
2025-01-19 14:28:09,327 - Spatial Shape: [30, 30, 50]
2025-01-19 14:28:09,327 - Model save path: None
2025-01-19 14:28:50,706 - Epoch 1/1000 | Train Total Loss: 0.0776, Val Total Loss: 0.0737, Train Offset Loss: 0.0776, Val Offset Loss: 0.0737, Train Semantic Loss: 0.0000, Val Semantic Loss: 0.0000
2025-01-19 14:29:10,530 - Epoch 2/1000 | Train Total Loss: 0.0277, Val Total Loss: 0.0203, Train Offset Loss: 0.0277, Val Offset Loss: 0.0203, Train Semantic Loss: 0.0000, Val Semantic Loss: 0.0000
2025-01-19 14:29:30,292 - Epoch 3/1000 | Train Total Loss: 0.0199, Val Total Loss: 0.0204, Train Offset Loss: 0.0199, Val Offset Loss: 0.0204, Train Semantic Loss: 0.0000, Val Semantic Loss: 0.0000
2025-01-19 14:29:50,074 - Epoch 4/1000 | Train Total Loss: 0.0197, Val Total Loss: 0.0209, Train Offset Loss: 0.0197, Val Offset Loss: 0.0209, Train Semantic Loss: 0.0000, Val Semantic Loss: 0.0000
2025-01-19 14:30:09,813 - Epoch 5/1000 | Train Total Loss: 0.0194, Val Total Loss: 0.0219, Train Offset Loss: 0.0194, Val Offset Loss: 0.0219, Train Semantic Loss: 0.0000, Val Semantic Loss: 0.0000
2025-01-19 14:30:29,836 - Epoch 6/1000 | Train Total Loss: 0.0189, Val Total Loss: 0.0187, Train Offset Loss: 0.0189, Val Offset Loss: 0.0187, Train Semantic Loss: 0.0000, Val Semantic Loss: 0.0000
2025-01-19 14:30:49,939 - Epoch 7/1000 | Train Total Loss: 0.0184, Val Total Loss: 0.0188, Train Offset Loss: 0.0184, Val Offset Loss: 0.0188, Train Semantic Loss: 0.0000, Val Semantic Loss: 0.0000
2025-01-19 14:31:09,855 - Epoch 8/1000 | Train Total Loss: 0.0180, Val Total Loss: 0.0177, Train Offset Loss: 0.0180, Val Offset Loss: 0.0177, Train Semantic Loss: 0.0000, Val Semantic Loss: 0.0000
2025-01-19 14:31:29,630 - Epoch 9/1000 | Train Total Loss: 0.0176, Val Total Loss: 0.0224, Train Offset Loss: 0.0176, Val Offset Loss: 0.0224, Train Semantic Loss: 0.0000, Val Semantic Loss: 0.0000
2025-01-19 14:31:49,451 - Epoch 10/1000 | Train Total Loss: 0.0173, Val Total Loss: 0.0180, Train Offset Loss: 0.0173, Val Offset Loss: 0.0180, Train Semantic Loss: 0.0000, Val Semantic Loss: 0.0000
2025-01-19 14:32:09,246 - Epoch 11/1000 | Train Total Loss: 0.0171, Val Total Loss: 0.0181, Train Offset Loss: 0.0171, Val Offset Loss: 0.0181, Train Semantic Loss: 0.0000, Val Semantic Loss: 0.0000
2025-01-19 14:32:29,173 - Epoch 12/1000 | Train Total Loss: 0.0184, Val Total Loss: 0.0178, Train Offset Loss: 0.0184, Val Offset Loss: 0.0178, Train Semantic Loss: 0.0000, Val Semantic Loss: 0.0000
2025-01-19 14:32:49,379 - Epoch 13/1000 | Train Total Loss: 0.0173, Val Total Loss: 0.0183, Train Offset Loss: 0.0173, Val Offset Loss: 0.0183, Train Semantic Loss: 0.0000, Val Semantic Loss: 0.0000
2025-01-19 14:33:09,541 - Epoch 14/1000 | Train Total Loss: 0.0169, Val Total Loss: 0.0206, Train Offset Loss: 0.0169, Val Offset Loss: 0.0206, Train Semantic Loss: 0.0000, Val Semantic Loss: 0.0000
